<?xml version="1.0" encoding="UTF-8"?>
<testsuite xmlns:xsi="http://www.w3.org/2001/XMLSchema-instance" xsi:noNamespaceSchemaLocation="https://maven.apache.org/surefire/maven-surefire-plugin/xsd/surefire-test-report-3.0.xsd" version="3.0" name="com.mycompany.StudentControllerTests" time="11.446" tests="5" errors="0" skipped="0" failures="5">
  <properties>
[...]
</properties>
  <testcase name="testSaveStudent" classname="com.mycompany.StudentControllerTests" time="1.402">
    <failure message="Status expected:&lt;201&gt; but was:&lt;403&gt;" type="java.lang.AssertionError"><![CDATA[java.lang.AssertionError: Status expected:<201> but was:<403>
	at org.springframework.test.util.AssertionErrors.fail(AssertionErrors.java:59)
	at org.springframework.test.util.AssertionErrors.assertEquals(AssertionErrors.java:122)
	at org.springframework.test.web.servlet.result.StatusResultMatchers.lambda$matcher$9(StatusResultMatchers.java:637)
	at org.springframework.test.web.servlet.MockMvc$1.andExpect(MockMvc.java:214)
	at com.mycompany.StudentControllerTests.testSaveStudent(StudentControllerTests.java:193)
	at java.base/java.lang.reflect.Method.invoke(Method.java:580)
	at java.base/java.util.ArrayList.forEach(ArrayList.java:1596)
	at java.base/java.util.ArrayList.forEach(ArrayList.java:1596)
]]></failure>
    <system-out><![CDATA[21:58:16,319 |-INFO in ch.qos.logback.classic.LoggerContext[default] - This is logback-classic version 1.4.14
21:58:16,323 |-INFO in ch.qos.logback.classic.util.ContextInitializer@1115ec15 - Here is a list of configurators discovered as a service, by rank: 
21:58:16,323 |-INFO in ch.qos.logback.classic.util.ContextInitializer@1115ec15 -   org.springframework.boot.logging.logback.RootLogLevelConfigurator
21:58:16,323 |-INFO in ch.qos.logback.classic.util.ContextInitializer@1115ec15 - They will be invoked in order until ExecutionStatus.DO_NOT_INVOKE_NEXT_IF_ANY is returned.
21:58:16,323 |-INFO in ch.qos.logback.classic.util.ContextInitializer@1115ec15 - Constructed configurator of type class org.springframework.boot.logging.logback.RootLogLevelConfigurator
21:58:16,336 |-INFO in ch.qos.logback.classic.util.ContextInitializer@1115ec15 - org.springframework.boot.logging.logback.RootLogLevelConfigurator.configure() call lasted 0 milliseconds. ExecutionStatus=INVOKE_NEXT_IF_ANY
21:58:16,336 |-INFO in ch.qos.logback.classic.util.ContextInitializer@1115ec15 - Trying to configure with ch.qos.logback.classic.joran.SerializedModelConfigurator
21:58:16,337 |-INFO in ch.qos.logback.classic.util.ContextInitializer@1115ec15 - Constructed configurator of type class ch.qos.logback.classic.joran.SerializedModelConfigurator
21:58:16,340 |-INFO in ch.qos.logback.classic.LoggerContext[default] - Could NOT find resource [logback-test.scmo]
21:58:16,340 |-INFO in ch.qos.logback.classic.LoggerContext[default] - Could NOT find resource [logback.scmo]
21:58:16,340 |-INFO in ch.qos.logback.classic.util.ContextInitializer@1115ec15 - ch.qos.logback.classic.joran.SerializedModelConfigurator.configure() call lasted 3 milliseconds. ExecutionStatus=INVOKE_NEXT_IF_ANY
21:58:16,340 |-INFO in ch.qos.logback.classic.util.ContextInitializer@1115ec15 - Trying to configure with ch.qos.logback.classic.util.DefaultJoranConfigurator
21:58:16,341 |-INFO in ch.qos.logback.classic.util.ContextInitializer@1115ec15 - Constructed configurator of type class ch.qos.logback.classic.util.DefaultJoranConfigurator
21:58:16,341 |-INFO in ch.qos.logback.classic.LoggerContext[default] - Could NOT find resource [logback-test.xml]
21:58:16,345 |-INFO in ch.qos.logback.classic.LoggerContext[default] - Found resource [logback.xml] at [file:/C:/swathi/MyWebApp/target/classes/logback.xml]
21:58:16,477 |-INFO in ch.qos.logback.core.model.processor.AppenderModelHandler - Processing appender named [STDOUT]
21:58:16,477 |-INFO in ch.qos.logback.core.model.processor.AppenderModelHandler - About to instantiate appender of type [ch.qos.logback.core.ConsoleAppender]
21:58:16,531 |-WARN in ch.qos.logback.core.ConsoleAppender[STDOUT] - This appender no longer admits a layout as a sub-component, set an encoder instead.
21:58:16,531 |-WARN in ch.qos.logback.core.ConsoleAppender[STDOUT] - To ensure compatibility, wrapping your layout in LayoutWrappingEncoder.
21:58:16,531 |-WARN in ch.qos.logback.core.ConsoleAppender[STDOUT] - See also http://logback.qos.ch/codes.html#layoutInsteadOfEncoder for details
21:58:16,532 |-INFO in ch.qos.logback.core.model.processor.AppenderModelHandler - Processing appender named [FILE-AUDIT]
21:58:16,532 |-INFO in ch.qos.logback.core.model.processor.AppenderModelHandler - About to instantiate appender of type [ch.qos.logback.core.rolling.RollingFileAppender]
21:58:16,556 |-INFO in c.q.l.core.rolling.TimeBasedRollingPolicy@137275020 - No compression will be used
21:58:16,558 |-INFO in c.q.l.core.rolling.TimeBasedRollingPolicy@137275020 - Will use the pattern logs/archived/debug.%d{yyyy-MM-dd}.%i.log for the active file
21:58:16,561 |-INFO in ch.qos.logback.core.rolling.SizeAndTimeBasedFNATP@59e505b2 - The date pattern is 'yyyy-MM-dd' from file name pattern 'logs/archived/debug.%d{yyyy-MM-dd}.%i.log'.
21:58:16,561 |-INFO in ch.qos.logback.core.rolling.SizeAndTimeBasedFNATP@59e505b2 - Roll-over at midnight.
21:58:16,562 |-INFO in ch.qos.logback.core.rolling.SizeAndTimeBasedFNATP@59e505b2 - Setting initial period to 2024-01-16T08:59:24.036Z
21:58:16,562 |-WARN in ch.qos.logback.core.rolling.SizeAndTimeBasedFNATP@59e505b2 - SizeAndTimeBasedFNATP is deprecated. Use SizeAndTimeBasedRollingPolicy instead
21:58:16,562 |-WARN in ch.qos.logback.core.rolling.SizeAndTimeBasedFNATP@59e505b2 - For more information see http://logback.qos.ch/manual/appenders.html#SizeAndTimeBasedRollingPolicy
21:58:16,569 |-INFO in ch.qos.logback.core.rolling.RollingFileAppender[FILE-AUDIT] - Active log file name: logs/debug.log
21:58:16,569 |-INFO in ch.qos.logback.core.rolling.RollingFileAppender[FILE-AUDIT] - File property is set to [logs/debug.log]
21:58:16,571 |-INFO in ch.qos.logback.core.model.processor.AppenderModelHandler - Processing appender named [FILE-ERROR]
21:58:16,571 |-INFO in ch.qos.logback.core.model.processor.AppenderModelHandler - About to instantiate appender of type [ch.qos.logback.core.rolling.RollingFileAppender]
21:58:16,572 |-INFO in c.q.l.core.rolling.TimeBasedRollingPolicy@988850650 - No compression will be used
21:58:16,572 |-INFO in c.q.l.core.rolling.TimeBasedRollingPolicy@988850650 - Will use the pattern logs/archived/error.%d{yyyy-MM-dd}.%i.log for the active file
21:58:16,572 |-INFO in ch.qos.logback.core.rolling.SizeAndTimeBasedFNATP@43b9fd5 - The date pattern is 'yyyy-MM-dd' from file name pattern 'logs/archived/error.%d{yyyy-MM-dd}.%i.log'.
21:58:16,572 |-INFO in ch.qos.logback.core.rolling.SizeAndTimeBasedFNATP@43b9fd5 - Roll-over at midnight.
21:58:16,574 |-INFO in ch.qos.logback.core.rolling.SizeAndTimeBasedFNATP@43b9fd5 - Setting initial period to 2024-01-21T14:29:19.927Z
21:58:16,574 |-WARN in ch.qos.logback.core.rolling.SizeAndTimeBasedFNATP@43b9fd5 - SizeAndTimeBasedFNATP is deprecated. Use SizeAndTimeBasedRollingPolicy instead
21:58:16,574 |-WARN in ch.qos.logback.core.rolling.SizeAndTimeBasedFNATP@43b9fd5 - For more information see http://logback.qos.ch/manual/appenders.html#SizeAndTimeBasedRollingPolicy
21:58:16,575 |-INFO in ch.qos.logback.core.rolling.RollingFileAppender[FILE-ERROR] - Active log file name: logs/error.log
21:58:16,575 |-INFO in ch.qos.logback.core.rolling.RollingFileAppender[FILE-ERROR] - File property is set to [logs/error.log]
21:58:16,576 |-INFO in ch.qos.logback.classic.model.processor.LoggerModelHandler - Setting level of logger [logging.level.com.appsdeveloperblog] to DEBUG
21:58:16,579 |-INFO in ch.qos.logback.classic.model.processor.LoggerModelHandler - Setting additivity of logger [logging.level.com.appsdeveloperblog] to false
21:58:16,580 |-INFO in ch.qos.logback.core.model.processor.AppenderRefModelHandler - Attaching appender named [FILE-AUDIT] to Logger[logging.level.com.appsdeveloperblog]
21:58:16,581 |-INFO in ch.qos.logback.core.model.processor.AppenderRefModelHandler - Attaching appender named [STDOUT] to Logger[logging.level.com.appsdeveloperblog]
21:58:16,581 |-INFO in ch.qos.logback.classic.model.processor.RootLoggerModelHandler - Setting level of ROOT logger to ERROR
21:58:16,581 |-INFO in ch.qos.logback.core.model.processor.AppenderRefModelHandler - Attaching appender named [FILE-ERROR] to Logger[ROOT]
21:58:16,581 |-INFO in ch.qos.logback.core.model.processor.DefaultProcessor@79dc5318 - End of configuration.
21:58:16,586 |-INFO in ch.qos.logback.classic.joran.JoranConfigurator@8e50104 - Registering current configuration as safe fallback point
21:58:16,586 |-INFO in ch.qos.logback.classic.util.ContextInitializer@1115ec15 - ch.qos.logback.classic.util.DefaultJoranConfigurator.configure() call lasted 245 milliseconds. ExecutionStatus=DO_NOT_INVOKE_NEXT_IF_ANY

21:58:17,408 |-INFO in ch.qos.logback.core.model.processor.AppenderModelHandler - Processing appender named [STDOUT]
21:58:17,408 |-INFO in ch.qos.logback.core.model.processor.AppenderModelHandler - About to instantiate appender of type [ch.qos.logback.core.ConsoleAppender]
21:58:17,409 |-WARN in ch.qos.logback.core.ConsoleAppender[STDOUT] - This appender no longer admits a layout as a sub-component, set an encoder instead.
21:58:17,409 |-WARN in ch.qos.logback.core.ConsoleAppender[STDOUT] - To ensure compatibility, wrapping your layout in LayoutWrappingEncoder.
21:58:17,409 |-WARN in ch.qos.logback.core.ConsoleAppender[STDOUT] - See also http://logback.qos.ch/codes.html#layoutInsteadOfEncoder for details
21:58:17,409 |-INFO in ch.qos.logback.core.model.processor.AppenderModelHandler - Processing appender named [FILE-AUDIT]
21:58:17,409 |-INFO in ch.qos.logback.core.model.processor.AppenderModelHandler - About to instantiate appender of type [ch.qos.logback.core.rolling.RollingFileAppender]
21:58:17,410 |-INFO in c.q.l.core.rolling.TimeBasedRollingPolicy@2062667107 - No compression will be used
21:58:17,410 |-INFO in c.q.l.core.rolling.TimeBasedRollingPolicy@2062667107 - Will use the pattern logs/archived/debug.%d{yyyy-MM-dd}.%i.log for the active file
21:58:17,411 |-INFO in ch.qos.logback.core.rolling.SizeAndTimeBasedFNATP@4351171a - The date pattern is 'yyyy-MM-dd' from file name pattern 'logs/archived/debug.%d{yyyy-MM-dd}.%i.log'.
21:58:17,411 |-INFO in ch.qos.logback.core.rolling.SizeAndTimeBasedFNATP@4351171a - Roll-over at midnight.
21:58:17,412 |-INFO in ch.qos.logback.core.rolling.SizeAndTimeBasedFNATP@4351171a - Setting initial period to 2024-01-16T08:59:24.036Z
21:58:17,412 |-WARN in ch.qos.logback.core.rolling.SizeAndTimeBasedFNATP@4351171a - SizeAndTimeBasedFNATP is deprecated. Use SizeAndTimeBasedRollingPolicy instead
21:58:17,412 |-WARN in ch.qos.logback.core.rolling.SizeAndTimeBasedFNATP@4351171a - For more information see http://logback.qos.ch/manual/appenders.html#SizeAndTimeBasedRollingPolicy
21:58:17,412 |-INFO in ch.qos.logback.core.rolling.RollingFileAppender[FILE-AUDIT] - Active log file name: logs/debug.log
21:58:17,412 |-INFO in ch.qos.logback.core.rolling.RollingFileAppender[FILE-AUDIT] - File property is set to [logs/debug.log]
21:58:17,413 |-INFO in ch.qos.logback.core.model.processor.AppenderModelHandler - Processing appender named [FILE-ERROR]
21:58:17,413 |-INFO in ch.qos.logback.core.model.processor.AppenderModelHandler - About to instantiate appender of type [ch.qos.logback.core.rolling.RollingFileAppender]
21:58:17,415 |-INFO in c.q.l.core.rolling.TimeBasedRollingPolicy@1009218257 - No compression will be used
21:58:17,415 |-INFO in c.q.l.core.rolling.TimeBasedRollingPolicy@1009218257 - Will use the pattern logs/archived/error.%d{yyyy-MM-dd}.%i.log for the active file
21:58:17,415 |-INFO in ch.qos.logback.core.rolling.SizeAndTimeBasedFNATP@37d00a23 - The date pattern is 'yyyy-MM-dd' from file name pattern 'logs/archived/error.%d{yyyy-MM-dd}.%i.log'.
21:58:17,415 |-INFO in ch.qos.logback.core.rolling.SizeAndTimeBasedFNATP@37d00a23 - Roll-over at midnight.
21:58:17,416 |-INFO in ch.qos.logback.core.rolling.SizeAndTimeBasedFNATP@37d00a23 - Setting initial period to 2024-01-21T14:29:19.927Z
21:58:17,416 |-WARN in ch.qos.logback.core.rolling.SizeAndTimeBasedFNATP@37d00a23 - SizeAndTimeBasedFNATP is deprecated. Use SizeAndTimeBasedRollingPolicy instead
21:58:17,416 |-WARN in ch.qos.logback.core.rolling.SizeAndTimeBasedFNATP@37d00a23 - For more information see http://logback.qos.ch/manual/appenders.html#SizeAndTimeBasedRollingPolicy
21:58:17,417 |-INFO in ch.qos.logback.core.rolling.RollingFileAppender[FILE-ERROR] - Active log file name: logs/error.log
21:58:17,417 |-INFO in ch.qos.logback.core.rolling.RollingFileAppender[FILE-ERROR] - File property is set to [logs/error.log]
21:58:17,418 |-INFO in ch.qos.logback.classic.model.processor.LoggerModelHandler - Setting level of logger [logging.level.com.appsdeveloperblog] to DEBUG
21:58:17,418 |-INFO in ch.qos.logback.classic.jul.LevelChangePropagator@433e536f - Propagating DEBUG level on Logger[logging.level.com.appsdeveloperblog] onto the JUL framework
21:58:17,419 |-INFO in ch.qos.logback.classic.model.processor.LoggerModelHandler - Setting additivity of logger [logging.level.com.appsdeveloperblog] to false
21:58:17,419 |-INFO in ch.qos.logback.core.model.processor.AppenderRefModelHandler - Attaching appender named [FILE-AUDIT] to Logger[logging.level.com.appsdeveloperblog]
21:58:17,419 |-INFO in ch.qos.logback.core.model.processor.AppenderRefModelHandler - Attaching appender named [STDOUT] to Logger[logging.level.com.appsdeveloperblog]
21:58:17,419 |-INFO in ch.qos.logback.classic.model.processor.RootLoggerModelHandler - Setting level of ROOT logger to ERROR
21:58:17,419 |-INFO in ch.qos.logback.classic.jul.LevelChangePropagator@433e536f - Propagating ERROR level on Logger[ROOT] onto the JUL framework
21:58:17,419 |-INFO in ch.qos.logback.core.model.processor.AppenderRefModelHandler - Attaching appender named [FILE-ERROR] to Logger[ROOT]
21:58:17,419 |-INFO in ch.qos.logback.core.model.processor.DefaultProcessor@89c65d5 - End of configuration.
21:58:17,419 |-INFO in org.springframework.boot.logging.logback.SpringBootJoranConfigurator@faa3fed - Registering current configuration as safe fallback point


  .   ____          _            __ _ _
 /\\ / ___'_ __ _ _(_)_ __  __ _ \ \ \ \
( ( )\___ | '_ | '_| | '_ \/ _` | \ \ \ \
 \\/  ___)| |_)| | | | | || (_| |  ) ) ) )
  '  |____| .__|_| |_|_| |_\__, | / / / /
 =========|_|==============|___/=/_/_/_/
 :: Spring Boot ::                (v3.2.1)


MockHttpServletRequest:
      HTTP Method = POST
      Request URI = /students
       Parameters = {}
          Headers = [Content-Type:"application/json;charset=UTF-8", Content-Length:"115"]
             Body = {"id":null,"dept":"New Department","password":"New Password","firstName":"New FirstName","lastName":"New LastName"}
    Session Attrs = {}

Handler:
             Type = null

Async:
    Async started = false
     Async result = null

Resolved Exception:
             Type = null

ModelAndView:
        View name = null
             View = null
            Model = null

FlashMap:
       Attributes = null

MockHttpServletResponse:
           Status = 403
    Error message = Access Denied
          Headers = [X-Content-Type-Options:"nosniff", X-XSS-Protection:"0", Cache-Control:"no-cache, no-store, max-age=0, must-revalidate", Pragma:"no-cache", Expires:"0", X-Frame-Options:"DENY"]
     Content type = null
             Body = 
    Forwarded URL = null
   Redirected URL = null
          Cookies = []
]]></system-out>
    <system-err><![CDATA[WARNING: A Java agent has been loaded dynamically (C:\Users\SubramaS\.m2\repository\net\bytebuddy\byte-buddy-agent\1.14.10\byte-buddy-agent-1.14.10.jar)
WARNING: If a serviceability tool is in use, please run with -XX:+EnableDynamicAgentLoading to hide this warning
WARNING: If a serviceability tool is not in use, please run with -Djdk.instrument.traceUsage for more information
WARNING: Dynamic loading of agents will be disallowed by default in a future release
]]></system-err>
  </testcase>
  <testcase name="testUpdateStudent" classname="com.mycompany.StudentControllerTests" time="0.012">
    <failure message="Status expected:&lt;200&gt; but was:&lt;403&gt;" type="java.lang.AssertionError"><![CDATA[java.lang.AssertionError: Status expected:<200> but was:<403>
	at org.springframework.test.util.AssertionErrors.fail(AssertionErrors.java:59)
	at org.springframework.test.util.AssertionErrors.assertEquals(AssertionErrors.java:122)
	at org.springframework.test.web.servlet.result.StatusResultMatchers.lambda$matcher$9(StatusResultMatchers.java:637)
	at org.springframework.test.web.servlet.MockMvc$1.andExpect(MockMvc.java:214)
	at com.mycompany.StudentControllerTests.testUpdateStudent(StudentControllerTests.java:174)
	at java.base/java.lang.reflect.Method.invoke(Method.java:580)
	at java.base/java.util.ArrayList.forEach(ArrayList.java:1596)
	at java.base/java.util.ArrayList.forEach(ArrayList.java:1596)
]]></failure>
    <system-out><![CDATA[
MockHttpServletRequest:
      HTTP Method = PUT
      Request URI = /students/10
       Parameters = {}
          Headers = [Content-Type:"application/json;charset=UTF-8", Content-Length:"128"]
             Body = {"id":10,"dept":"Updated Department","password":"UpdatedPassword","firstName":"Updated FirstName","lastName":"Updated LastName"}
    Session Attrs = {}

Handler:
             Type = null

Async:
    Async started = false
     Async result = null

Resolved Exception:
             Type = null

ModelAndView:
        View name = null
             View = null
            Model = null

FlashMap:
       Attributes = null

MockHttpServletResponse:
           Status = 403
    Error message = Access Denied
          Headers = [X-Content-Type-Options:"nosniff", X-XSS-Protection:"0", Cache-Control:"no-cache, no-store, max-age=0, must-revalidate", Pragma:"no-cache", Expires:"0", X-Frame-Options:"DENY"]
     Content type = null
             Body = 
    Forwarded URL = null
   Redirected URL = null
          Cookies = []
]]></system-out>
  </testcase>
  <testcase name="testDeleteStudent" classname="com.mycompany.StudentControllerTests" time="0.01">
    <failure message="Status expected:&lt;200&gt; but was:&lt;403&gt;" type="java.lang.AssertionError"><![CDATA[java.lang.AssertionError: Status expected:<200> but was:<403>
	at org.springframework.test.util.AssertionErrors.fail(AssertionErrors.java:59)
	at org.springframework.test.util.AssertionErrors.assertEquals(AssertionErrors.java:122)
	at org.springframework.test.web.servlet.result.StatusResultMatchers.lambda$matcher$9(StatusResultMatchers.java:637)
	at org.springframework.test.web.servlet.MockMvc$1.andExpect(MockMvc.java:214)
	at com.mycompany.StudentControllerTests.testDeleteStudent(StudentControllerTests.java:210)
	at java.base/java.lang.reflect.Method.invoke(Method.java:580)
	at java.base/java.util.ArrayList.forEach(ArrayList.java:1596)
	at java.base/java.util.ArrayList.forEach(ArrayList.java:1596)
]]></failure>
    <system-out><![CDATA[
MockHttpServletRequest:
      HTTP Method = DELETE
      Request URI = /students/10
       Parameters = {}
          Headers = []
             Body = null
    Session Attrs = {}

Handler:
             Type = null

Async:
    Async started = false
     Async result = null

Resolved Exception:
             Type = null

ModelAndView:
        View name = null
             View = null
            Model = null

FlashMap:
       Attributes = null

MockHttpServletResponse:
           Status = 403
    Error message = Access Denied
          Headers = [X-Content-Type-Options:"nosniff", X-XSS-Protection:"0", Cache-Control:"no-cache, no-store, max-age=0, must-revalidate", Pragma:"no-cache", Expires:"0", X-Frame-Options:"DENY"]
     Content type = null
             Body = 
    Forwarded URL = null
   Redirected URL = null
          Cookies = []
]]></system-out>
  </testcase>
  <testcase name="testGetAllstudents" classname="com.mycompany.StudentControllerTests" time="0.015">
    <failure message="Status expected:&lt;200&gt; but was:&lt;403&gt;" type="java.lang.AssertionError"><![CDATA[java.lang.AssertionError: Status expected:<200> but was:<403>
	at org.springframework.test.util.AssertionErrors.fail(AssertionErrors.java:59)
	at org.springframework.test.util.AssertionErrors.assertEquals(AssertionErrors.java:122)
	at org.springframework.test.web.servlet.result.StatusResultMatchers.lambda$matcher$9(StatusResultMatchers.java:637)
	at org.springframework.test.web.servlet.MockMvc$1.andExpect(MockMvc.java:214)
	at com.mycompany.StudentControllerTests.testGetAllstudents(StudentControllerTests.java:142)
	at java.base/java.lang.reflect.Method.invoke(Method.java:580)
	at java.base/java.util.ArrayList.forEach(ArrayList.java:1596)
	at java.base/java.util.ArrayList.forEach(ArrayList.java:1596)
]]></failure>
    <system-out><![CDATA[
MockHttpServletRequest:
      HTTP Method = GET
      Request URI = /students
       Parameters = {}
          Headers = [Content-Type:"application/json;charset=UTF-8"]
             Body = null
    Session Attrs = {}

Handler:
             Type = null

Async:
    Async started = false
     Async result = null

Resolved Exception:
             Type = null

ModelAndView:
        View name = null
             View = null
            Model = null

FlashMap:
       Attributes = null

MockHttpServletResponse:
           Status = 403
    Error message = Access Denied
          Headers = [X-Content-Type-Options:"nosniff", X-XSS-Protection:"0", Cache-Control:"no-cache, no-store, max-age=0, must-revalidate", Pragma:"no-cache", Expires:"0", X-Frame-Options:"DENY"]
     Content type = null
             Body = 
    Forwarded URL = null
   Redirected URL = null
          Cookies = []
]]></system-out>
  </testcase>
  <testcase name="testGetStudentById" classname="com.mycompany.StudentControllerTests" time="0.012">
    <failure message="Status expected:&lt;200&gt; but was:&lt;403&gt;" type="java.lang.AssertionError"><![CDATA[java.lang.AssertionError: Status expected:<200> but was:<403>
	at org.springframework.test.util.AssertionErrors.fail(AssertionErrors.java:59)
	at org.springframework.test.util.AssertionErrors.assertEquals(AssertionErrors.java:122)
	at org.springframework.test.web.servlet.result.StatusResultMatchers.lambda$matcher$9(StatusResultMatchers.java:637)
	at org.springframework.test.web.servlet.MockMvc$1.andExpect(MockMvc.java:214)
	at com.mycompany.StudentControllerTests.testGetStudentById(StudentControllerTests.java:153)
	at java.base/java.lang.reflect.Method.invoke(Method.java:580)
	at java.base/java.util.ArrayList.forEach(ArrayList.java:1596)
	at java.base/java.util.ArrayList.forEach(ArrayList.java:1596)
]]></failure>
    <system-out><![CDATA[
MockHttpServletRequest:
      HTTP Method = GET
      Request URI = /students/10
       Parameters = {}
          Headers = [Content-Type:"application/json;charset=UTF-8"]
             Body = null
    Session Attrs = {}

Handler:
             Type = null

Async:
    Async started = false
     Async result = null

Resolved Exception:
             Type = null

ModelAndView:
        View name = null
             View = null
            Model = null

FlashMap:
       Attributes = null

MockHttpServletResponse:
           Status = 403
    Error message = Access Denied
          Headers = [X-Content-Type-Options:"nosniff", X-XSS-Protection:"0", Cache-Control:"no-cache, no-store, max-age=0, must-revalidate", Pragma:"no-cache", Expires:"0", X-Frame-Options:"DENY"]
     Content type = null
             Body = 
    Forwarded URL = null
   Redirected URL = null
          Cookies = []
]]></system-out>
  </testcase>
</testsuite>