<?xml version="1.0" encoding="UTF-8"?>
<testsuite xmlns:xsi="http://www.w3.org/2001/XMLSchema-instance" xsi:noNamespaceSchemaLocation="https://maven.apache.org/surefire/maven-surefire-plugin/xsd/surefire-test-report-3.0.xsd" version="3.0" name="com.mycompany.StudentControllerTests" time="10.731" tests="5" errors="0" skipped="0" failures="5">
  <properties>
[...]
</properties>
  <testcase name="testSaveStudent" classname="com.mycompany.StudentControllerTests" time="1.27">
    <failure message="Status expected:&lt;201&gt; but was:&lt;403&gt;" type="java.lang.AssertionError"><![CDATA[java.lang.AssertionError: Status expected:<201> but was:<403>
	at org.springframework.test.util.AssertionErrors.fail(AssertionErrors.java:59)
	at org.springframework.test.util.AssertionErrors.assertEquals(AssertionErrors.java:122)
	at org.springframework.test.web.servlet.result.StatusResultMatchers.lambda$matcher$9(StatusResultMatchers.java:637)
	at org.springframework.test.web.servlet.MockMvc$1.andExpect(MockMvc.java:214)
	at com.mycompany.StudentControllerTests.testSaveStudent(StudentControllerTests.java:193)
	at java.base/java.lang.reflect.Method.invoke(Method.java:580)
	at java.base/java.util.ArrayList.forEach(ArrayList.java:1596)
	at java.base/java.util.ArrayList.forEach(ArrayList.java:1596)
]]></failure>
    <system-out><![CDATA[22:01:29,270 |-INFO in ch.qos.logback.classic.LoggerContext[default] - This is logback-classic version 1.4.14
22:01:29,272 |-INFO in ch.qos.logback.classic.util.ContextInitializer@14bee915 - Here is a list of configurators discovered as a service, by rank: 
22:01:29,273 |-INFO in ch.qos.logback.classic.util.ContextInitializer@14bee915 -   org.springframework.boot.logging.logback.RootLogLevelConfigurator
22:01:29,273 |-INFO in ch.qos.logback.classic.util.ContextInitializer@14bee915 - They will be invoked in order until ExecutionStatus.DO_NOT_INVOKE_NEXT_IF_ANY is returned.
22:01:29,273 |-INFO in ch.qos.logback.classic.util.ContextInitializer@14bee915 - Constructed configurator of type class org.springframework.boot.logging.logback.RootLogLevelConfigurator
22:01:29,282 |-INFO in ch.qos.logback.classic.util.ContextInitializer@14bee915 - org.springframework.boot.logging.logback.RootLogLevelConfigurator.configure() call lasted 0 milliseconds. ExecutionStatus=INVOKE_NEXT_IF_ANY
22:01:29,283 |-INFO in ch.qos.logback.classic.util.ContextInitializer@14bee915 - Trying to configure with ch.qos.logback.classic.joran.SerializedModelConfigurator
22:01:29,283 |-INFO in ch.qos.logback.classic.util.ContextInitializer@14bee915 - Constructed configurator of type class ch.qos.logback.classic.joran.SerializedModelConfigurator
22:01:29,286 |-INFO in ch.qos.logback.classic.LoggerContext[default] - Could NOT find resource [logback-test.scmo]
22:01:29,286 |-INFO in ch.qos.logback.classic.LoggerContext[default] - Could NOT find resource [logback.scmo]
22:01:29,286 |-INFO in ch.qos.logback.classic.util.ContextInitializer@14bee915 - ch.qos.logback.classic.joran.SerializedModelConfigurator.configure() call lasted 3 milliseconds. ExecutionStatus=INVOKE_NEXT_IF_ANY
22:01:29,286 |-INFO in ch.qos.logback.classic.util.ContextInitializer@14bee915 - Trying to configure with ch.qos.logback.classic.util.DefaultJoranConfigurator
22:01:29,287 |-INFO in ch.qos.logback.classic.util.ContextInitializer@14bee915 - Constructed configurator of type class ch.qos.logback.classic.util.DefaultJoranConfigurator
22:01:29,287 |-INFO in ch.qos.logback.classic.LoggerContext[default] - Could NOT find resource [logback-test.xml]
22:01:29,292 |-INFO in ch.qos.logback.classic.LoggerContext[default] - Found resource [logback.xml] at [file:/C:/swathi/MyWebApp/target/classes/logback.xml]
22:01:29,417 |-INFO in ch.qos.logback.core.model.processor.AppenderModelHandler - Processing appender named [STDOUT]
22:01:29,417 |-INFO in ch.qos.logback.core.model.processor.AppenderModelHandler - About to instantiate appender of type [ch.qos.logback.core.ConsoleAppender]
22:01:29,477 |-WARN in ch.qos.logback.core.ConsoleAppender[STDOUT] - This appender no longer admits a layout as a sub-component, set an encoder instead.
22:01:29,477 |-WARN in ch.qos.logback.core.ConsoleAppender[STDOUT] - To ensure compatibility, wrapping your layout in LayoutWrappingEncoder.
22:01:29,477 |-WARN in ch.qos.logback.core.ConsoleAppender[STDOUT] - See also http://logback.qos.ch/codes.html#layoutInsteadOfEncoder for details
22:01:29,477 |-INFO in ch.qos.logback.core.model.processor.AppenderModelHandler - Processing appender named [FILE-AUDIT]
22:01:29,477 |-INFO in ch.qos.logback.core.model.processor.AppenderModelHandler - About to instantiate appender of type [ch.qos.logback.core.rolling.RollingFileAppender]
22:01:29,500 |-INFO in c.q.l.core.rolling.TimeBasedRollingPolicy@286649365 - No compression will be used
22:01:29,502 |-INFO in c.q.l.core.rolling.TimeBasedRollingPolicy@286649365 - Will use the pattern logs/archived/debug.%d{yyyy-MM-dd}.%i.log for the active file
22:01:29,506 |-INFO in ch.qos.logback.core.rolling.SizeAndTimeBasedFNATP@82ea68c - The date pattern is 'yyyy-MM-dd' from file name pattern 'logs/archived/debug.%d{yyyy-MM-dd}.%i.log'.
22:01:29,506 |-INFO in ch.qos.logback.core.rolling.SizeAndTimeBasedFNATP@82ea68c - Roll-over at midnight.
22:01:29,508 |-INFO in ch.qos.logback.core.rolling.SizeAndTimeBasedFNATP@82ea68c - Setting initial period to 2024-01-16T08:59:24.036Z
22:01:29,508 |-WARN in ch.qos.logback.core.rolling.SizeAndTimeBasedFNATP@82ea68c - SizeAndTimeBasedFNATP is deprecated. Use SizeAndTimeBasedRollingPolicy instead
22:01:29,508 |-WARN in ch.qos.logback.core.rolling.SizeAndTimeBasedFNATP@82ea68c - For more information see http://logback.qos.ch/manual/appenders.html#SizeAndTimeBasedRollingPolicy
22:01:29,518 |-INFO in ch.qos.logback.core.rolling.RollingFileAppender[FILE-AUDIT] - Active log file name: logs/debug.log
22:01:29,518 |-INFO in ch.qos.logback.core.rolling.RollingFileAppender[FILE-AUDIT] - File property is set to [logs/debug.log]
22:01:29,520 |-INFO in ch.qos.logback.core.model.processor.AppenderModelHandler - Processing appender named [FILE-ERROR]
22:01:29,520 |-INFO in ch.qos.logback.core.model.processor.AppenderModelHandler - About to instantiate appender of type [ch.qos.logback.core.rolling.RollingFileAppender]
22:01:29,522 |-INFO in c.q.l.core.rolling.TimeBasedRollingPolicy@1508181426 - No compression will be used
22:01:29,522 |-INFO in c.q.l.core.rolling.TimeBasedRollingPolicy@1508181426 - Will use the pattern logs/archived/error.%d{yyyy-MM-dd}.%i.log for the active file
22:01:29,522 |-INFO in ch.qos.logback.core.rolling.SizeAndTimeBasedFNATP@3af0a9da - The date pattern is 'yyyy-MM-dd' from file name pattern 'logs/archived/error.%d{yyyy-MM-dd}.%i.log'.
22:01:29,522 |-INFO in ch.qos.logback.core.rolling.SizeAndTimeBasedFNATP@3af0a9da - Roll-over at midnight.
22:01:29,523 |-INFO in ch.qos.logback.core.rolling.SizeAndTimeBasedFNATP@3af0a9da - Setting initial period to 2024-01-21T16:28:27.874Z
22:01:29,523 |-WARN in ch.qos.logback.core.rolling.SizeAndTimeBasedFNATP@3af0a9da - SizeAndTimeBasedFNATP is deprecated. Use SizeAndTimeBasedRollingPolicy instead
22:01:29,523 |-WARN in ch.qos.logback.core.rolling.SizeAndTimeBasedFNATP@3af0a9da - For more information see http://logback.qos.ch/manual/appenders.html#SizeAndTimeBasedRollingPolicy
22:01:29,524 |-INFO in ch.qos.logback.core.rolling.RollingFileAppender[FILE-ERROR] - Active log file name: logs/error.log
22:01:29,524 |-INFO in ch.qos.logback.core.rolling.RollingFileAppender[FILE-ERROR] - File property is set to [logs/error.log]
22:01:29,525 |-INFO in ch.qos.logback.classic.model.processor.LoggerModelHandler - Setting level of logger [logging.level.com.appsdeveloperblog] to DEBUG
22:01:29,529 |-INFO in ch.qos.logback.classic.model.processor.LoggerModelHandler - Setting additivity of logger [logging.level.com.appsdeveloperblog] to false
22:01:29,530 |-INFO in ch.qos.logback.core.model.processor.AppenderRefModelHandler - Attaching appender named [FILE-AUDIT] to Logger[logging.level.com.appsdeveloperblog]
22:01:29,530 |-INFO in ch.qos.logback.core.model.processor.AppenderRefModelHandler - Attaching appender named [STDOUT] to Logger[logging.level.com.appsdeveloperblog]
22:01:29,531 |-INFO in ch.qos.logback.classic.model.processor.RootLoggerModelHandler - Setting level of ROOT logger to ERROR
22:01:29,531 |-INFO in ch.qos.logback.core.model.processor.AppenderRefModelHandler - Attaching appender named [FILE-ERROR] to Logger[ROOT]
22:01:29,531 |-INFO in ch.qos.logback.core.model.processor.DefaultProcessor@43b9fd5 - End of configuration.
22:01:29,531 |-INFO in ch.qos.logback.classic.joran.JoranConfigurator@79dc5318 - Registering current configuration as safe fallback point
22:01:29,531 |-INFO in ch.qos.logback.classic.util.ContextInitializer@14bee915 - ch.qos.logback.classic.util.DefaultJoranConfigurator.configure() call lasted 244 milliseconds. ExecutionStatus=DO_NOT_INVOKE_NEXT_IF_ANY

22:01:30,290 |-INFO in ch.qos.logback.core.model.processor.AppenderModelHandler - Processing appender named [STDOUT]
22:01:30,290 |-INFO in ch.qos.logback.core.model.processor.AppenderModelHandler - About to instantiate appender of type [ch.qos.logback.core.ConsoleAppender]
22:01:30,291 |-WARN in ch.qos.logback.core.ConsoleAppender[STDOUT] - This appender no longer admits a layout as a sub-component, set an encoder instead.
22:01:30,291 |-WARN in ch.qos.logback.core.ConsoleAppender[STDOUT] - To ensure compatibility, wrapping your layout in LayoutWrappingEncoder.
22:01:30,291 |-WARN in ch.qos.logback.core.ConsoleAppender[STDOUT] - See also http://logback.qos.ch/codes.html#layoutInsteadOfEncoder for details
22:01:30,291 |-INFO in ch.qos.logback.core.model.processor.AppenderModelHandler - Processing appender named [FILE-AUDIT]
22:01:30,291 |-INFO in ch.qos.logback.core.model.processor.AppenderModelHandler - About to instantiate appender of type [ch.qos.logback.core.rolling.RollingFileAppender]
22:01:30,293 |-INFO in c.q.l.core.rolling.TimeBasedRollingPolicy@371440613 - No compression will be used
22:01:30,293 |-INFO in c.q.l.core.rolling.TimeBasedRollingPolicy@371440613 - Will use the pattern logs/archived/debug.%d{yyyy-MM-dd}.%i.log for the active file
22:01:30,293 |-INFO in ch.qos.logback.core.rolling.SizeAndTimeBasedFNATP@7af1cd63 - The date pattern is 'yyyy-MM-dd' from file name pattern 'logs/archived/debug.%d{yyyy-MM-dd}.%i.log'.
22:01:30,293 |-INFO in ch.qos.logback.core.rolling.SizeAndTimeBasedFNATP@7af1cd63 - Roll-over at midnight.
22:01:30,294 |-INFO in ch.qos.logback.core.rolling.SizeAndTimeBasedFNATP@7af1cd63 - Setting initial period to 2024-01-16T08:59:24.036Z
22:01:30,294 |-WARN in ch.qos.logback.core.rolling.SizeAndTimeBasedFNATP@7af1cd63 - SizeAndTimeBasedFNATP is deprecated. Use SizeAndTimeBasedRollingPolicy instead
22:01:30,294 |-WARN in ch.qos.logback.core.rolling.SizeAndTimeBasedFNATP@7af1cd63 - For more information see http://logback.qos.ch/manual/appenders.html#SizeAndTimeBasedRollingPolicy
22:01:30,295 |-INFO in ch.qos.logback.core.rolling.RollingFileAppender[FILE-AUDIT] - Active log file name: logs/debug.log
22:01:30,295 |-INFO in ch.qos.logback.core.rolling.RollingFileAppender[FILE-AUDIT] - File property is set to [logs/debug.log]
22:01:30,295 |-INFO in ch.qos.logback.core.model.processor.AppenderModelHandler - Processing appender named [FILE-ERROR]
22:01:30,295 |-INFO in ch.qos.logback.core.model.processor.AppenderModelHandler - About to instantiate appender of type [ch.qos.logback.core.rolling.RollingFileAppender]
22:01:30,296 |-INFO in c.q.l.core.rolling.TimeBasedRollingPolicy@1129387802 - No compression will be used
22:01:30,297 |-INFO in c.q.l.core.rolling.TimeBasedRollingPolicy@1129387802 - Will use the pattern logs/archived/error.%d{yyyy-MM-dd}.%i.log for the active file
22:01:30,297 |-INFO in ch.qos.logback.core.rolling.SizeAndTimeBasedFNATP@3c2772d1 - The date pattern is 'yyyy-MM-dd' from file name pattern 'logs/archived/error.%d{yyyy-MM-dd}.%i.log'.
22:01:30,297 |-INFO in ch.qos.logback.core.rolling.SizeAndTimeBasedFNATP@3c2772d1 - Roll-over at midnight.
22:01:30,298 |-INFO in ch.qos.logback.core.rolling.SizeAndTimeBasedFNATP@3c2772d1 - Setting initial period to 2024-01-21T16:28:27.874Z
22:01:30,298 |-WARN in ch.qos.logback.core.rolling.SizeAndTimeBasedFNATP@3c2772d1 - SizeAndTimeBasedFNATP is deprecated. Use SizeAndTimeBasedRollingPolicy instead
22:01:30,298 |-WARN in ch.qos.logback.core.rolling.SizeAndTimeBasedFNATP@3c2772d1 - For more information see http://logback.qos.ch/manual/appenders.html#SizeAndTimeBasedRollingPolicy
22:01:30,298 |-INFO in ch.qos.logback.core.rolling.RollingFileAppender[FILE-ERROR] - Active log file name: logs/error.log
22:01:30,298 |-INFO in ch.qos.logback.core.rolling.RollingFileAppender[FILE-ERROR] - File property is set to [logs/error.log]
22:01:30,299 |-INFO in ch.qos.logback.classic.model.processor.LoggerModelHandler - Setting level of logger [logging.level.com.appsdeveloperblog] to DEBUG
22:01:30,299 |-INFO in ch.qos.logback.classic.jul.LevelChangePropagator@37d00a23 - Propagating DEBUG level on Logger[logging.level.com.appsdeveloperblog] onto the JUL framework
22:01:30,300 |-INFO in ch.qos.logback.classic.model.processor.LoggerModelHandler - Setting additivity of logger [logging.level.com.appsdeveloperblog] to false
22:01:30,300 |-INFO in ch.qos.logback.core.model.processor.AppenderRefModelHandler - Attaching appender named [FILE-AUDIT] to Logger[logging.level.com.appsdeveloperblog]
22:01:30,300 |-INFO in ch.qos.logback.core.model.processor.AppenderRefModelHandler - Attaching appender named [STDOUT] to Logger[logging.level.com.appsdeveloperblog]
22:01:30,300 |-INFO in ch.qos.logback.classic.model.processor.RootLoggerModelHandler - Setting level of ROOT logger to ERROR
22:01:30,300 |-INFO in ch.qos.logback.classic.jul.LevelChangePropagator@37d00a23 - Propagating ERROR level on Logger[ROOT] onto the JUL framework
22:01:30,300 |-INFO in ch.qos.logback.core.model.processor.AppenderRefModelHandler - Attaching appender named [FILE-ERROR] to Logger[ROOT]
22:01:30,300 |-INFO in ch.qos.logback.core.model.processor.DefaultProcessor@433e536f - End of configuration.
22:01:30,300 |-INFO in org.springframework.boot.logging.logback.SpringBootJoranConfigurator@89c65d5 - Registering current configuration as safe fallback point


  .   ____          _            __ _ _
 /\\ / ___'_ __ _ _(_)_ __  __ _ \ \ \ \
( ( )\___ | '_ | '_| | '_ \/ _` | \ \ \ \
 \\/  ___)| |_)| | | | | || (_| |  ) ) ) )
  '  |____| .__|_| |_|_| |_\__, | / / / /
 =========|_|==============|___/=/_/_/_/
 :: Spring Boot ::                (v3.2.1)


MockHttpServletRequest:
      HTTP Method = POST
      Request URI = /students
       Parameters = {}
          Headers = [Content-Type:"application/json;charset=UTF-8", Content-Length:"115"]
             Body = {"id":null,"dept":"New Department","password":"New Password","firstName":"New FirstName","lastName":"New LastName"}
    Session Attrs = {}

Handler:
             Type = null

Async:
    Async started = false
     Async result = null

Resolved Exception:
             Type = null

ModelAndView:
        View name = null
             View = null
            Model = null

FlashMap:
       Attributes = null

MockHttpServletResponse:
           Status = 403
    Error message = Access Denied
          Headers = [X-Content-Type-Options:"nosniff", X-XSS-Protection:"0", Cache-Control:"no-cache, no-store, max-age=0, must-revalidate", Pragma:"no-cache", Expires:"0", X-Frame-Options:"DENY"]
     Content type = null
             Body = 
    Forwarded URL = null
   Redirected URL = null
          Cookies = []
]]></system-out>
    <system-err><![CDATA[WARNING: A Java agent has been loaded dynamically (C:\Users\SubramaS\.m2\repository\net\bytebuddy\byte-buddy-agent\1.14.10\byte-buddy-agent-1.14.10.jar)
WARNING: If a serviceability tool is in use, please run with -XX:+EnableDynamicAgentLoading to hide this warning
WARNING: If a serviceability tool is not in use, please run with -Djdk.instrument.traceUsage for more information
WARNING: Dynamic loading of agents will be disallowed by default in a future release
]]></system-err>
  </testcase>
  <testcase name="testUpdateStudent" classname="com.mycompany.StudentControllerTests" time="0.017">
    <failure message="Status expected:&lt;200&gt; but was:&lt;403&gt;" type="java.lang.AssertionError"><![CDATA[java.lang.AssertionError: Status expected:<200> but was:<403>
	at org.springframework.test.util.AssertionErrors.fail(AssertionErrors.java:59)
	at org.springframework.test.util.AssertionErrors.assertEquals(AssertionErrors.java:122)
	at org.springframework.test.web.servlet.result.StatusResultMatchers.lambda$matcher$9(StatusResultMatchers.java:637)
	at org.springframework.test.web.servlet.MockMvc$1.andExpect(MockMvc.java:214)
	at com.mycompany.StudentControllerTests.testUpdateStudent(StudentControllerTests.java:174)
	at java.base/java.lang.reflect.Method.invoke(Method.java:580)
	at java.base/java.util.ArrayList.forEach(ArrayList.java:1596)
	at java.base/java.util.ArrayList.forEach(ArrayList.java:1596)
]]></failure>
    <system-out><![CDATA[
MockHttpServletRequest:
      HTTP Method = PUT
      Request URI = /students/10
       Parameters = {}
          Headers = [Content-Type:"application/json;charset=UTF-8", Content-Length:"128"]
             Body = {"id":10,"dept":"Updated Department","password":"UpdatedPassword","firstName":"Updated FirstName","lastName":"Updated LastName"}
    Session Attrs = {}

Handler:
             Type = null

Async:
    Async started = false
     Async result = null

Resolved Exception:
             Type = null

ModelAndView:
        View name = null
             View = null
            Model = null

FlashMap:
       Attributes = null

MockHttpServletResponse:
           Status = 403
    Error message = Access Denied
          Headers = [X-Content-Type-Options:"nosniff", X-XSS-Protection:"0", Cache-Control:"no-cache, no-store, max-age=0, must-revalidate", Pragma:"no-cache", Expires:"0", X-Frame-Options:"DENY"]
     Content type = null
             Body = 
    Forwarded URL = null
   Redirected URL = null
          Cookies = []
]]></system-out>
  </testcase>
  <testcase name="testDeleteStudent" classname="com.mycompany.StudentControllerTests" time="0.013">
    <failure message="Status expected:&lt;200&gt; but was:&lt;403&gt;" type="java.lang.AssertionError"><![CDATA[java.lang.AssertionError: Status expected:<200> but was:<403>
	at org.springframework.test.util.AssertionErrors.fail(AssertionErrors.java:59)
	at org.springframework.test.util.AssertionErrors.assertEquals(AssertionErrors.java:122)
	at org.springframework.test.web.servlet.result.StatusResultMatchers.lambda$matcher$9(StatusResultMatchers.java:637)
	at org.springframework.test.web.servlet.MockMvc$1.andExpect(MockMvc.java:214)
	at com.mycompany.StudentControllerTests.testDeleteStudent(StudentControllerTests.java:210)
	at java.base/java.lang.reflect.Method.invoke(Method.java:580)
	at java.base/java.util.ArrayList.forEach(ArrayList.java:1596)
	at java.base/java.util.ArrayList.forEach(ArrayList.java:1596)
]]></failure>
    <system-out><![CDATA[
MockHttpServletRequest:
      HTTP Method = DELETE
      Request URI = /students/10
       Parameters = {}
          Headers = []
             Body = null
    Session Attrs = {}

Handler:
             Type = null

Async:
    Async started = false
     Async result = null

Resolved Exception:
             Type = null

ModelAndView:
        View name = null
             View = null
            Model = null

FlashMap:
       Attributes = null

MockHttpServletResponse:
           Status = 403
    Error message = Access Denied
          Headers = [X-Content-Type-Options:"nosniff", X-XSS-Protection:"0", Cache-Control:"no-cache, no-store, max-age=0, must-revalidate", Pragma:"no-cache", Expires:"0", X-Frame-Options:"DENY"]
     Content type = null
             Body = 
    Forwarded URL = null
   Redirected URL = null
          Cookies = []
]]></system-out>
  </testcase>
  <testcase name="testGetAllstudents" classname="com.mycompany.StudentControllerTests" time="0.012">
    <failure message="Status expected:&lt;200&gt; but was:&lt;403&gt;" type="java.lang.AssertionError"><![CDATA[java.lang.AssertionError: Status expected:<200> but was:<403>
	at org.springframework.test.util.AssertionErrors.fail(AssertionErrors.java:59)
	at org.springframework.test.util.AssertionErrors.assertEquals(AssertionErrors.java:122)
	at org.springframework.test.web.servlet.result.StatusResultMatchers.lambda$matcher$9(StatusResultMatchers.java:637)
	at org.springframework.test.web.servlet.MockMvc$1.andExpect(MockMvc.java:214)
	at com.mycompany.StudentControllerTests.testGetAllstudents(StudentControllerTests.java:142)
	at java.base/java.lang.reflect.Method.invoke(Method.java:580)
	at java.base/java.util.ArrayList.forEach(ArrayList.java:1596)
	at java.base/java.util.ArrayList.forEach(ArrayList.java:1596)
]]></failure>
    <system-out><![CDATA[
MockHttpServletRequest:
      HTTP Method = GET
      Request URI = /students
       Parameters = {}
          Headers = [Content-Type:"application/json;charset=UTF-8"]
             Body = null
    Session Attrs = {}

Handler:
             Type = null

Async:
    Async started = false
     Async result = null

Resolved Exception:
             Type = null

ModelAndView:
        View name = null
             View = null
            Model = null

FlashMap:
       Attributes = null

MockHttpServletResponse:
           Status = 403
    Error message = Access Denied
          Headers = [X-Content-Type-Options:"nosniff", X-XSS-Protection:"0", Cache-Control:"no-cache, no-store, max-age=0, must-revalidate", Pragma:"no-cache", Expires:"0", X-Frame-Options:"DENY"]
     Content type = null
             Body = 
    Forwarded URL = null
   Redirected URL = null
          Cookies = []
]]></system-out>
  </testcase>
  <testcase name="testGetStudentById" classname="com.mycompany.StudentControllerTests" time="0.017">
    <failure message="Status expected:&lt;200&gt; but was:&lt;403&gt;" type="java.lang.AssertionError"><![CDATA[java.lang.AssertionError: Status expected:<200> but was:<403>
	at org.springframework.test.util.AssertionErrors.fail(AssertionErrors.java:59)
	at org.springframework.test.util.AssertionErrors.assertEquals(AssertionErrors.java:122)
	at org.springframework.test.web.servlet.result.StatusResultMatchers.lambda$matcher$9(StatusResultMatchers.java:637)
	at org.springframework.test.web.servlet.MockMvc$1.andExpect(MockMvc.java:214)
	at com.mycompany.StudentControllerTests.testGetStudentById(StudentControllerTests.java:153)
	at java.base/java.lang.reflect.Method.invoke(Method.java:580)
	at java.base/java.util.ArrayList.forEach(ArrayList.java:1596)
	at java.base/java.util.ArrayList.forEach(ArrayList.java:1596)
]]></failure>
    <system-out><![CDATA[
MockHttpServletRequest:
      HTTP Method = GET
      Request URI = /students/10
       Parameters = {}
          Headers = [Content-Type:"application/json;charset=UTF-8"]
             Body = null
    Session Attrs = {}

Handler:
             Type = null

Async:
    Async started = false
     Async result = null

Resolved Exception:
             Type = null

ModelAndView:
        View name = null
             View = null
            Model = null

FlashMap:
       Attributes = null

MockHttpServletResponse:
           Status = 403
    Error message = Access Denied
          Headers = [X-Content-Type-Options:"nosniff", X-XSS-Protection:"0", Cache-Control:"no-cache, no-store, max-age=0, must-revalidate", Pragma:"no-cache", Expires:"0", X-Frame-Options:"DENY"]
     Content type = null
             Body = 
    Forwarded URL = null
   Redirected URL = null
          Cookies = []
]]></system-out>
  </testcase>
</testsuite>