<?xml version="1.0" encoding="UTF-8"?>
<testsuite xmlns:xsi="http://www.w3.org/2001/XMLSchema-instance" xsi:noNamespaceSchemaLocation="https://maven.apache.org/surefire/maven-surefire-plugin/xsd/surefire-test-report-3.0.xsd" version="3.0" name="com.mycompany.test.StudentControllerTest" time="21.102" tests="44" errors="0" skipped="0" failures="0">
  <properties>
[...]
</properties>
  <testcase name="deleteStudent" classname="com.mycompany.test.StudentControllerTest" time="16.052">
    <system-out><![CDATA[12:34:07,432 |-INFO in ch.qos.logback.classic.LoggerContext[default] - This is logback-classic version 1.4.14
12:34:07,442 |-INFO in ch.qos.logback.classic.util.ContextInitializer@6cbb7a7d - Here is a list of configurators discovered as a service, by rank: 
12:34:07,442 |-INFO in ch.qos.logback.classic.util.ContextInitializer@6cbb7a7d -   org.springframework.boot.logging.logback.RootLogLevelConfigurator
12:34:07,442 |-INFO in ch.qos.logback.classic.util.ContextInitializer@6cbb7a7d - They will be invoked in order until ExecutionStatus.DO_NOT_INVOKE_NEXT_IF_ANY is returned.
12:34:07,442 |-INFO in ch.qos.logback.classic.util.ContextInitializer@6cbb7a7d - Constructed configurator of type class org.springframework.boot.logging.logback.RootLogLevelConfigurator
12:34:07,505 |-INFO in ch.qos.logback.classic.util.ContextInitializer@6cbb7a7d - org.springframework.boot.logging.logback.RootLogLevelConfigurator.configure() call lasted 16 milliseconds. ExecutionStatus=INVOKE_NEXT_IF_ANY
12:34:07,505 |-INFO in ch.qos.logback.classic.util.ContextInitializer@6cbb7a7d - Trying to configure with ch.qos.logback.classic.joran.SerializedModelConfigurator
12:34:07,521 |-INFO in ch.qos.logback.classic.util.ContextInitializer@6cbb7a7d - Constructed configurator of type class ch.qos.logback.classic.joran.SerializedModelConfigurator
12:34:07,529 |-INFO in ch.qos.logback.classic.LoggerContext[default] - Could NOT find resource [logback-test.scmo]
12:34:07,529 |-INFO in ch.qos.logback.classic.LoggerContext[default] - Could NOT find resource [logback.scmo]
12:34:07,529 |-INFO in ch.qos.logback.classic.util.ContextInitializer@6cbb7a7d - ch.qos.logback.classic.joran.SerializedModelConfigurator.configure() call lasted 8 milliseconds. ExecutionStatus=INVOKE_NEXT_IF_ANY
12:34:07,529 |-INFO in ch.qos.logback.classic.util.ContextInitializer@6cbb7a7d - Trying to configure with ch.qos.logback.classic.util.DefaultJoranConfigurator
12:34:07,537 |-INFO in ch.qos.logback.classic.util.ContextInitializer@6cbb7a7d - Constructed configurator of type class ch.qos.logback.classic.util.DefaultJoranConfigurator
12:34:07,537 |-INFO in ch.qos.logback.classic.LoggerContext[default] - Could NOT find resource [logback-test.xml]
12:34:07,545 |-INFO in ch.qos.logback.classic.LoggerContext[default] - Found resource [logback.xml] at [file:/C:/swathi/MyWebApp/target/classes/logback.xml]
12:34:08,139 |-INFO in ch.qos.logback.core.model.processor.AppenderModelHandler - Processing appender named [STDOUT]
12:34:08,139 |-INFO in ch.qos.logback.core.model.processor.AppenderModelHandler - About to instantiate appender of type [ch.qos.logback.core.ConsoleAppender]
12:34:08,303 |-WARN in ch.qos.logback.core.ConsoleAppender[STDOUT] - This appender no longer admits a layout as a sub-component, set an encoder instead.
12:34:08,303 |-WARN in ch.qos.logback.core.ConsoleAppender[STDOUT] - To ensure compatibility, wrapping your layout in LayoutWrappingEncoder.
12:34:08,303 |-WARN in ch.qos.logback.core.ConsoleAppender[STDOUT] - See also http://logback.qos.ch/codes.html#layoutInsteadOfEncoder for details
12:34:08,303 |-INFO in ch.qos.logback.core.model.processor.AppenderModelHandler - Processing appender named [FILE-AUDIT]
12:34:08,303 |-INFO in ch.qos.logback.core.model.processor.AppenderModelHandler - About to instantiate appender of type [ch.qos.logback.core.rolling.RollingFileAppender]
12:34:08,369 |-INFO in c.q.l.core.rolling.TimeBasedRollingPolicy@215694469 - No compression will be used
12:34:08,377 |-INFO in c.q.l.core.rolling.TimeBasedRollingPolicy@215694469 - Will use the pattern logs/archived/debug.%d{yyyy-MM-dd}.%i.log for the active file
12:34:08,403 |-INFO in ch.qos.logback.core.rolling.SizeAndTimeBasedFNATP@37606fee - The date pattern is 'yyyy-MM-dd' from file name pattern 'logs/archived/debug.%d{yyyy-MM-dd}.%i.log'.
12:34:08,403 |-INFO in ch.qos.logback.core.rolling.SizeAndTimeBasedFNATP@37606fee - Roll-over at midnight.
12:34:08,403 |-INFO in ch.qos.logback.core.rolling.SizeAndTimeBasedFNATP@37606fee - Setting initial period to 2024-01-30T09:25:58.196Z
12:34:08,403 |-WARN in ch.qos.logback.core.rolling.SizeAndTimeBasedFNATP@37606fee - SizeAndTimeBasedFNATP is deprecated. Use SizeAndTimeBasedRollingPolicy instead
12:34:08,403 |-WARN in ch.qos.logback.core.rolling.SizeAndTimeBasedFNATP@37606fee - For more information see http://logback.qos.ch/manual/appenders.html#SizeAndTimeBasedRollingPolicy
12:34:08,422 |-INFO in ch.qos.logback.core.rolling.RollingFileAppender[FILE-AUDIT] - Active log file name: logs/debug.log
12:34:08,425 |-INFO in ch.qos.logback.core.rolling.RollingFileAppender[FILE-AUDIT] - File property is set to [logs/debug.log]
12:34:08,425 |-WARN in ch.qos.logback.core.model.processor.AppenderModelHandler - Appender named [FILE-ERROR] not referenced. Skipping further processing.
12:34:08,425 |-INFO in ch.qos.logback.classic.model.processor.LoggerModelHandler - Setting level of logger [logging.level.com.appsdeveloperblog] to DEBUG
12:34:08,425 |-INFO in ch.qos.logback.classic.model.processor.LoggerModelHandler - Setting additivity of logger [logging.level.com.appsdeveloperblog] to false
12:34:08,425 |-INFO in ch.qos.logback.core.model.processor.AppenderRefModelHandler - Attaching appender named [FILE-AUDIT] to Logger[logging.level.com.appsdeveloperblog]
12:34:08,441 |-INFO in ch.qos.logback.core.model.processor.AppenderRefModelHandler - Attaching appender named [STDOUT] to Logger[logging.level.com.appsdeveloperblog]
12:34:08,441 |-INFO in ch.qos.logback.classic.model.processor.LoggerModelHandler - Setting level of logger [org.springframework.boot.autoconfigure] to INFO
12:34:08,441 |-INFO in ch.qos.logback.classic.model.processor.LoggerModelHandler - Setting level of logger [org.springframework.boot.autoconfigure.condition] to INFO
12:34:08,441 |-INFO in ch.qos.logback.classic.model.processor.RootLoggerModelHandler - Setting level of ROOT logger to INFO
12:34:08,441 |-INFO in ch.qos.logback.core.model.processor.AppenderRefModelHandler - Attaching appender named [STDOUT] to Logger[ROOT]
12:34:08,442 |-INFO in ch.qos.logback.core.model.processor.DefaultProcessor@33d28f0a - End of configuration.
12:34:08,445 |-INFO in ch.qos.logback.classic.joran.JoranConfigurator@48d739f - Registering current configuration as safe fallback point
12:34:08,445 |-INFO in ch.qos.logback.classic.util.ContextInitializer@6cbb7a7d - ch.qos.logback.classic.util.DefaultJoranConfigurator.configure() call lasted 908 milliseconds. ExecutionStatus=DO_NOT_INVOKE_NEXT_IF_ANY

2024-02-06 12:34:16 [main] INFO  o.s.mock.web.MockServletContext - Initializing Spring TestDispatcherServlet ''
2024-02-06 12:34:16 [main] INFO  o.s.t.w.s.TestDispatcherServlet - Initializing Servlet ''
2024-02-06 12:34:16 [main] INFO  o.s.t.w.s.TestDispatcherServlet - Completed initialization in 15 ms
]]></system-out>
  </testcase>
  <testcase name="getAllStudentsEmptyList" classname="com.mycompany.test.StudentControllerTest" time="0.521">
    <system-out><![CDATA[2024-02-06 12:34:18 [main] INFO  o.s.mock.web.MockServletContext - Initializing Spring TestDispatcherServlet ''
2024-02-06 12:34:18 [main] INFO  o.s.t.w.s.TestDispatcherServlet - Initializing Servlet ''
2024-02-06 12:34:18 [main] INFO  o.s.t.w.s.TestDispatcherServlet - Completed initialization in 0 ms
]]></system-out>
  </testcase>
  <testcase name="toEntity_WithNullFields" classname="com.mycompany.test.StudentControllerTest" time="0.058">
    <system-out><![CDATA[2024-02-06 12:34:18 [main] INFO  o.s.mock.web.MockServletContext - Initializing Spring TestDispatcherServlet ''
2024-02-06 12:34:18 [main] INFO  o.s.t.w.s.TestDispatcherServlet - Initializing Servlet ''
2024-02-06 12:34:18 [main] INFO  o.s.t.w.s.TestDispatcherServlet - Completed initialization in 0 ms
]]></system-out>
  </testcase>
  <testcase name="deleteStudent_NotFound" classname="com.mycompany.test.StudentControllerTest" time="0.072">
    <system-out><![CDATA[2024-02-06 12:34:18 [main] INFO  o.s.mock.web.MockServletContext - Initializing Spring TestDispatcherServlet ''
2024-02-06 12:34:18 [main] INFO  o.s.t.w.s.TestDispatcherServlet - Initializing Servlet ''
2024-02-06 12:34:18 [main] INFO  o.s.t.w.s.TestDispatcherServlet - Completed initialization in 0 ms
]]></system-out>
  </testcase>
  <testcase name="testSendEmailEveryFiveMinutes" classname="com.mycompany.test.StudentControllerTest" time="0.121">
    <system-out><![CDATA[2024-02-06 12:34:18 [main] INFO  o.s.mock.web.MockServletContext - Initializing Spring TestDispatcherServlet ''
2024-02-06 12:34:18 [main] INFO  o.s.t.w.s.TestDispatcherServlet - Initializing Servlet ''
2024-02-06 12:34:18 [main] INFO  o.s.t.w.s.TestDispatcherServlet - Completed initialization in 0 ms
]]></system-out>
  </testcase>
  <testcase name="testMessageListenerWithNullDTO" classname="com.mycompany.test.StudentControllerTest" time="0.07">
    <system-out><![CDATA[2024-02-06 12:34:18 [main] INFO  o.s.mock.web.MockServletContext - Initializing Spring TestDispatcherServlet ''
2024-02-06 12:34:18 [main] INFO  o.s.t.w.s.TestDispatcherServlet - Initializing Servlet ''
2024-02-06 12:34:18 [main] INFO  o.s.t.w.s.TestDispatcherServlet - Completed initialization in 0 ms
2024-02-06 12:34:18 [main] INFO  jakarta.jms.MessageConsumer - Message received! null
]]></system-out>
  </testcase>
  <testcase name="userInfoEmailValidation" classname="com.mycompany.test.StudentControllerTest" time="0.041">
    <system-out><![CDATA[2024-02-06 12:34:18 [main] INFO  o.s.mock.web.MockServletContext - Initializing Spring TestDispatcherServlet ''
2024-02-06 12:34:18 [main] INFO  o.s.t.w.s.TestDispatcherServlet - Initializing Servlet ''
2024-02-06 12:34:18 [main] INFO  o.s.t.w.s.TestDispatcherServlet - Completed initialization in 0 ms
]]></system-out>
  </testcase>
  <testcase name="saveStudent" classname="com.mycompany.test.StudentControllerTest" time="0.6">
    <system-out><![CDATA[2024-02-06 12:34:19 [main] INFO  o.s.mock.web.MockServletContext - Initializing Spring TestDispatcherServlet ''
2024-02-06 12:34:19 [main] INFO  o.s.t.w.s.TestDispatcherServlet - Initializing Servlet ''
2024-02-06 12:34:19 [main] INFO  o.s.t.w.s.TestDispatcherServlet - Completed initialization in 0 ms
]]></system-out>
  </testcase>
  <testcase name="getStudentById_Success" classname="com.mycompany.test.StudentControllerTest" time="0.063">
    <system-out><![CDATA[2024-02-06 12:34:19 [main] INFO  o.s.mock.web.MockServletContext - Initializing Spring TestDispatcherServlet ''
2024-02-06 12:34:19 [main] INFO  o.s.t.w.s.TestDispatcherServlet - Initializing Servlet ''
2024-02-06 12:34:19 [main] INFO  o.s.t.w.s.TestDispatcherServlet - Completed initialization in 0 ms
]]></system-out>
  </testcase>
  <testcase name="testDatabaseConnectionHealthy" classname="com.mycompany.test.StudentControllerTest" time="1.382">
    <system-out><![CDATA[2024-02-06 12:34:19 [main] INFO  o.s.mock.web.MockServletContext - Initializing Spring TestDispatcherServlet ''
2024-02-06 12:34:19 [main] INFO  o.s.t.w.s.TestDispatcherServlet - Initializing Servlet ''
2024-02-06 12:34:19 [main] INFO  o.s.t.w.s.TestDispatcherServlet - Completed initialization in 0 ms
]]></system-out>
  </testcase>
  <testcase name="userInfoAllArgsConstructor" classname="com.mycompany.test.StudentControllerTest" time="0.033">
    <system-out><![CDATA[2024-02-06 12:34:21 [main] INFO  o.s.mock.web.MockServletContext - Initializing Spring TestDispatcherServlet ''
2024-02-06 12:34:21 [main] INFO  o.s.t.w.s.TestDispatcherServlet - Initializing Servlet ''
2024-02-06 12:34:21 [main] INFO  o.s.t.w.s.TestDispatcherServlet - Completed initialization in 0 ms
]]></system-out>
  </testcase>
  <testcase name="userInfoEqualsAndHashCode" classname="com.mycompany.test.StudentControllerTest" time="0.032">
    <system-out><![CDATA[2024-02-06 12:34:21 [main] INFO  o.s.mock.web.MockServletContext - Initializing Spring TestDispatcherServlet ''
2024-02-06 12:34:21 [main] INFO  o.s.t.w.s.TestDispatcherServlet - Initializing Servlet ''
2024-02-06 12:34:21 [main] INFO  o.s.t.w.s.TestDispatcherServlet - Completed initialization in 0 ms
]]></system-out>
  </testcase>
  <testcase name="addNewUser" classname="com.mycompany.test.StudentControllerTest" time="0.038">
    <system-out><![CDATA[2024-02-06 12:34:21 [main] INFO  o.s.mock.web.MockServletContext - Initializing Spring TestDispatcherServlet ''
2024-02-06 12:34:21 [main] INFO  o.s.t.w.s.TestDispatcherServlet - Initializing Servlet ''
2024-02-06 12:34:21 [main] INFO  o.s.t.w.s.TestDispatcherServlet - Completed initialization in 0 ms
]]></system-out>
  </testcase>
  <testcase name="userInfoIdValidation" classname="com.mycompany.test.StudentControllerTest" time="0.033">
    <system-out><![CDATA[2024-02-06 12:34:21 [main] INFO  o.s.mock.web.MockServletContext - Initializing Spring TestDispatcherServlet ''
2024-02-06 12:34:21 [main] INFO  o.s.t.w.s.TestDispatcherServlet - Initializing Servlet ''
2024-02-06 12:34:21 [main] INFO  o.s.t.w.s.TestDispatcherServlet - Completed initialization in 0 ms
]]></system-out>
  </testcase>
  <testcase name="userInfoFields" classname="com.mycompany.test.StudentControllerTest" time="0.031">
    <system-out><![CDATA[2024-02-06 12:34:21 [main] INFO  o.s.mock.web.MockServletContext - Initializing Spring TestDispatcherServlet ''
2024-02-06 12:34:21 [main] INFO  o.s.t.w.s.TestDispatcherServlet - Initializing Servlet ''
2024-02-06 12:34:21 [main] INFO  o.s.t.w.s.TestDispatcherServlet - Completed initialization in 0 ms
]]></system-out>
  </testcase>
  <testcase name="testJmsListenerContainerFactoryConcurrency" classname="com.mycompany.test.StudentControllerTest" time="0.201">
    <system-out><![CDATA[2024-02-06 12:34:21 [main] INFO  o.s.mock.web.MockServletContext - Initializing Spring TestDispatcherServlet ''
2024-02-06 12:34:21 [main] INFO  o.s.t.w.s.TestDispatcherServlet - Initializing Servlet ''
2024-02-06 12:34:21 [main] INFO  o.s.t.w.s.TestDispatcherServlet - Completed initialization in 0 ms
]]></system-out>
  </testcase>
  <testcase name="fromEntity_WithNullFields" classname="com.mycompany.test.StudentControllerTest" time="0.027">
    <system-out><![CDATA[2024-02-06 12:34:21 [main] INFO  o.s.mock.web.MockServletContext - Initializing Spring TestDispatcherServlet ''
2024-02-06 12:34:21 [main] INFO  o.s.t.w.s.TestDispatcherServlet - Initializing Servlet ''
2024-02-06 12:34:21 [main] INFO  o.s.t.w.s.TestDispatcherServlet - Completed initialization in 0 ms
]]></system-out>
  </testcase>
  <testcase name="toEntity_ConvertsDTOToEntity" classname="com.mycompany.test.StudentControllerTest" time="0.04">
    <system-out><![CDATA[2024-02-06 12:34:21 [main] INFO  o.s.mock.web.MockServletContext - Initializing Spring TestDispatcherServlet ''
2024-02-06 12:34:21 [main] INFO  o.s.t.w.s.TestDispatcherServlet - Initializing Servlet ''
2024-02-06 12:34:21 [main] INFO  o.s.t.w.s.TestDispatcherServlet - Completed initialization in 0 ms
]]></system-out>
  </testcase>
  <testcase name="toEntity_NullDTO_ThrowsNullPointerException" classname="com.mycompany.test.StudentControllerTest" time="0.04">
    <system-out><![CDATA[2024-02-06 12:34:21 [main] INFO  o.s.mock.web.MockServletContext - Initializing Spring TestDispatcherServlet ''
2024-02-06 12:34:21 [main] INFO  o.s.t.w.s.TestDispatcherServlet - Initializing Servlet ''
2024-02-06 12:34:21 [main] INFO  o.s.t.w.s.TestDispatcherServlet - Completed initialization in 0 ms
]]></system-out>
  </testcase>
  <testcase name="addStudent" classname="com.mycompany.test.StudentControllerTest" time="0.055">
    <system-out><![CDATA[2024-02-06 12:34:21 [main] INFO  o.s.mock.web.MockServletContext - Initializing Spring TestDispatcherServlet ''
2024-02-06 12:34:21 [main] INFO  o.s.t.w.s.TestDispatcherServlet - Initializing Servlet ''
2024-02-06 12:34:21 [main] INFO  o.s.t.w.s.TestDispatcherServlet - Completed initialization in 0 ms
]]></system-out>
  </testcase>
  <testcase name="updateNonexistentStudent" classname="com.mycompany.test.StudentControllerTest" time="0.047">
    <system-out><![CDATA[2024-02-06 12:34:21 [main] INFO  o.s.mock.web.MockServletContext - Initializing Spring TestDispatcherServlet ''
2024-02-06 12:34:21 [main] INFO  o.s.t.w.s.TestDispatcherServlet - Initializing Servlet ''
2024-02-06 12:34:21 [main] INFO  o.s.t.w.s.TestDispatcherServlet - Completed initialization in 0 ms
]]></system-out>
  </testcase>
  <testcase name="userInfoPasswordValidation" classname="com.mycompany.test.StudentControllerTest" time="0.027">
    <system-out><![CDATA[2024-02-06 12:34:21 [main] INFO  o.s.mock.web.MockServletContext - Initializing Spring TestDispatcherServlet ''
2024-02-06 12:34:21 [main] INFO  o.s.t.w.s.TestDispatcherServlet - Initializing Servlet ''
2024-02-06 12:34:21 [main] INFO  o.s.t.w.s.TestDispatcherServlet - Completed initialization in 0 ms
]]></system-out>
  </testcase>
  <testcase name="testDatabaseConnectionNotHealthy" classname="com.mycompany.test.StudentControllerTest" time="0.037">
    <system-out><![CDATA[2024-02-06 12:34:21 [main] INFO  o.s.mock.web.MockServletContext - Initializing Spring TestDispatcherServlet ''
2024-02-06 12:34:21 [main] INFO  o.s.t.w.s.TestDispatcherServlet - Initializing Servlet ''
2024-02-06 12:34:21 [main] INFO  o.s.t.w.s.TestDispatcherServlet - Completed initialization in 0 ms
]]></system-out>
  </testcase>
  <testcase name="publishMessage_InternalServerError" classname="com.mycompany.test.StudentControllerTest" time="0.089">
    <system-out><![CDATA[2024-02-06 12:34:21 [main] INFO  o.s.mock.web.MockServletContext - Initializing Spring TestDispatcherServlet ''
2024-02-06 12:34:21 [main] INFO  o.s.t.w.s.TestDispatcherServlet - Initializing Servlet ''
2024-02-06 12:34:21 [main] INFO  o.s.t.w.s.TestDispatcherServlet - Completed initialization in 2 ms
2024-02-06 12:34:21 [main] ERROR c.m.s.controller.StudentController - Error publishing message:
java.lang.RuntimeException: Error publishing message
	at org.springframework.jms.core.JmsTemplate.convertAndSend(JmsTemplate.java:687)
	at com.mycompany.student.controller.StudentController.publishMessage(StudentController.java:213)
	at java.base/jdk.internal.reflect.NativeMethodAccessorImpl.invoke0(Native Method)
	at java.base/jdk.internal.reflect.NativeMethodAccessorImpl.invoke(NativeMethodAccessorImpl.java:77)
	at java.base/jdk.internal.reflect.DelegatingMethodAccessorImpl.invoke(DelegatingMethodAccessorImpl.java:43)
	at java.base/java.lang.reflect.Method.invoke(Method.java:568)
	at org.springframework.web.method.support.InvocableHandlerMethod.doInvoke(InvocableHandlerMethod.java:262)
	at org.springframework.web.method.support.InvocableHandlerMethod.invokeForRequest(InvocableHandlerMethod.java:190)
	at org.springframework.web.servlet.mvc.method.annotation.ServletInvocableHandlerMethod.invokeAndHandle(ServletInvocableHandlerMethod.java:118)
	at org.springframework.web.servlet.mvc.method.annotation.RequestMappingHandlerAdapter.invokeHandlerMethod(RequestMappingHandlerAdapter.java:917)
	at org.springframework.web.servlet.mvc.method.annotation.RequestMappingHandlerAdapter.handleInternal(RequestMappingHandlerAdapter.java:829)
	at org.springframework.web.servlet.mvc.method.AbstractHandlerMethodAdapter.handle(AbstractHandlerMethodAdapter.java:87)
	at org.springframework.web.servlet.DispatcherServlet.doDispatch(DispatcherServlet.java:1089)
	at org.springframework.web.servlet.DispatcherServlet.doService(DispatcherServlet.java:979)
	at org.springframework.web.servlet.FrameworkServlet.processRequest(FrameworkServlet.java:1014)
	at org.springframework.web.servlet.FrameworkServlet.doPost(FrameworkServlet.java:914)
	at jakarta.servlet.http.HttpServlet.service(HttpServlet.java:590)
	at org.springframework.web.servlet.FrameworkServlet.service(FrameworkServlet.java:885)
	at org.springframework.test.web.servlet.TestDispatcherServlet.service(TestDispatcherServlet.java:72)
	at jakarta.servlet.http.HttpServlet.service(HttpServlet.java:658)
	at org.springframework.mock.web.MockFilterChain$ServletFilterProxy.doFilter(MockFilterChain.java:165)
	at org.springframework.mock.web.MockFilterChain.doFilter(MockFilterChain.java:132)
	at org.springframework.test.web.servlet.MockMvc.perform(MockMvc.java:201)
	at com.mycompany.test.StudentControllerTest.publishMessage_InternalServerError(StudentControllerTest.java:341)
	at java.base/jdk.internal.reflect.NativeMethodAccessorImpl.invoke0(Native Method)
	at java.base/jdk.internal.reflect.NativeMethodAccessorImpl.invoke(NativeMethodAccessorImpl.java:77)
	at java.base/jdk.internal.reflect.DelegatingMethodAccessorImpl.invoke(DelegatingMethodAccessorImpl.java:43)
	at java.base/java.lang.reflect.Method.invoke(Method.java:568)
	at org.junit.platform.commons.util.ReflectionUtils.invokeMethod(ReflectionUtils.java:728)
	at org.junit.jupiter.engine.execution.MethodInvocation.proceed(MethodInvocation.java:60)
	at org.junit.jupiter.engine.execution.InvocationInterceptorChain$ValidatingInvocation.proceed(InvocationInterceptorChain.java:131)
	at org.junit.jupiter.engine.extension.TimeoutExtension.intercept(TimeoutExtension.java:156)
	at org.junit.jupiter.engine.extension.TimeoutExtension.interceptTestableMethod(TimeoutExtension.java:147)
	at org.junit.jupiter.engine.extension.TimeoutExtension.interceptTestMethod(TimeoutExtension.java:86)
	at org.junit.jupiter.engine.execution.InterceptingExecutableInvoker$ReflectiveInterceptorCall.lambda$ofVoidMethod$0(InterceptingExecutableInvoker.java:103)
	at org.junit.jupiter.engine.execution.InterceptingExecutableInvoker.lambda$invoke$0(InterceptingExecutableInvoker.java:93)
	at org.junit.jupiter.engine.execution.InvocationInterceptorChain$InterceptedInvocation.proceed(InvocationInterceptorChain.java:106)
	at org.junit.jupiter.engine.execution.InvocationInterceptorChain.proceed(InvocationInterceptorChain.java:64)
	at org.junit.jupiter.engine.execution.InvocationInterceptorChain.chainAndInvoke(InvocationInterceptorChain.java:45)
	at org.junit.jupiter.engine.execution.InvocationInterceptorChain.invoke(InvocationInterceptorChain.java:37)
	at org.junit.jupiter.engine.execution.InterceptingExecutableInvoker.invoke(InterceptingExecutableInvoker.java:92)
	at org.junit.jupiter.engine.execution.InterceptingExecutableInvoker.invoke(InterceptingExecutableInvoker.java:86)
	at org.junit.jupiter.engine.descriptor.TestMethodTestDescriptor.lambda$invokeTestMethod$7(TestMethodTestDescriptor.java:218)
	at org.junit.platform.engine.support.hierarchical.ThrowableCollector.execute(ThrowableCollector.java:73)
	at org.junit.jupiter.engine.descriptor.TestMethodTestDescriptor.invokeTestMethod(TestMethodTestDescriptor.java:214)
	at org.junit.jupiter.engine.descriptor.TestMethodTestDescriptor.execute(TestMethodTestDescriptor.java:139)
	at org.junit.jupiter.engine.descriptor.TestMethodTestDescriptor.execute(TestMethodTestDescriptor.java:69)
	at org.junit.platform.engine.support.hierarchical.NodeTestTask.lambda$executeRecursively$6(NodeTestTask.java:151)
	at org.junit.platform.engine.support.hierarchical.ThrowableCollector.execute(ThrowableCollector.java:73)
	at org.junit.platform.engine.support.hierarchical.NodeTestTask.lambda$executeRecursively$8(NodeTestTask.java:141)
	at org.junit.platform.engine.support.hierarchical.Node.around(Node.java:137)
	at org.junit.platform.engine.support.hierarchical.NodeTestTask.lambda$executeRecursively$9(NodeTestTask.java:139)
	at org.junit.platform.engine.support.hierarchical.ThrowableCollector.execute(ThrowableCollector.java:73)
	at org.junit.platform.engine.support.hierarchical.NodeTestTask.executeRecursively(NodeTestTask.java:138)
	at org.junit.platform.engine.support.hierarchical.NodeTestTask.execute(NodeTestTask.java:95)
	at java.base/java.util.ArrayList.forEach(ArrayList.java:1511)
	at org.junit.platform.engine.support.hierarchical.SameThreadHierarchicalTestExecutorService.invokeAll(SameThreadHierarchicalTestExecutorService.java:41)
	at org.junit.platform.engine.support.hierarchical.NodeTestTask.lambda$executeRecursively$6(NodeTestTask.java:155)
	at org.junit.platform.engine.support.hierarchical.ThrowableCollector.execute(ThrowableCollector.java:73)
	at org.junit.platform.engine.support.hierarchical.NodeTestTask.lambda$executeRecursively$8(NodeTestTask.java:141)
	at org.junit.platform.engine.support.hierarchical.Node.around(Node.java:137)
	at org.junit.platform.engine.support.hierarchical.NodeTestTask.lambda$executeRecursively$9(NodeTestTask.java:139)
	at org.junit.platform.engine.support.hierarchical.ThrowableCollector.execute(ThrowableCollector.java:73)
	at org.junit.platform.engine.support.hierarchical.NodeTestTask.executeRecursively(NodeTestTask.java:138)
	at org.junit.platform.engine.support.hierarchical.NodeTestTask.execute(NodeTestTask.java:95)
	at java.base/java.util.ArrayList.forEach(ArrayList.java:1511)
	at org.junit.platform.engine.support.hierarchical.SameThreadHierarchicalTestExecutorService.invokeAll(SameThreadHierarchicalTestExecutorService.java:41)
	at org.junit.platform.engine.support.hierarchical.NodeTestTask.lambda$executeRecursively$6(NodeTestTask.java:155)
	at org.junit.platform.engine.support.hierarchical.ThrowableCollector.execute(ThrowableCollector.java:73)
	at org.junit.platform.engine.support.hierarchical.NodeTestTask.lambda$executeRecursively$8(NodeTestTask.java:141)
	at org.junit.platform.engine.support.hierarchical.Node.around(Node.java:137)
	at org.junit.platform.engine.support.hierarchical.NodeTestTask.lambda$executeRecursively$9(NodeTestTask.java:139)
	at org.junit.platform.engine.support.hierarchical.ThrowableCollector.execute(ThrowableCollector.java:73)
	at org.junit.platform.engine.support.hierarchical.NodeTestTask.executeRecursively(NodeTestTask.java:138)
	at org.junit.platform.engine.support.hierarchical.NodeTestTask.execute(NodeTestTask.java:95)
	at org.junit.platform.engine.support.hierarchical.SameThreadHierarchicalTestExecutorService.submit(SameThreadHierarchicalTestExecutorService.java:35)
	at org.junit.platform.engine.support.hierarchical.HierarchicalTestExecutor.execute(HierarchicalTestExecutor.java:57)
	at org.junit.platform.engine.support.hierarchical.HierarchicalTestEngine.execute(HierarchicalTestEngine.java:54)
	at org.junit.platform.launcher.core.EngineExecutionOrchestrator.execute(EngineExecutionOrchestrator.java:198)
	at org.junit.platform.launcher.core.EngineExecutionOrchestrator.execute(EngineExecutionOrchestrator.java:169)
	at org.junit.platform.launcher.core.EngineExecutionOrchestrator.execute(EngineExecutionOrchestrator.java:93)
	at org.junit.platform.launcher.core.EngineExecutionOrchestrator.lambda$execute$0(EngineExecutionOrchestrator.java:58)
	at org.junit.platform.launcher.core.EngineExecutionOrchestrator.withInterceptedStreams(EngineExecutionOrchestrator.java:141)
	at org.junit.platform.launcher.core.EngineExecutionOrchestrator.execute(EngineExecutionOrchestrator.java:57)
	at org.junit.platform.launcher.core.DefaultLauncher.execute(DefaultLauncher.java:103)
	at org.junit.platform.launcher.core.DefaultLauncher.execute(DefaultLauncher.java:85)
	at org.junit.platform.launcher.core.DelegatingLauncher.execute(DelegatingLauncher.java:47)
	at org.apache.maven.surefire.junitplatform.LazyLauncher.execute(LazyLauncher.java:56)
	at org.apache.maven.surefire.junitplatform.JUnitPlatformProvider.execute(JUnitPlatformProvider.java:184)
	at org.apache.maven.surefire.junitplatform.JUnitPlatformProvider.invokeAllTests(JUnitPlatformProvider.java:148)
	at org.apache.maven.surefire.junitplatform.JUnitPlatformProvider.invoke(JUnitPlatformProvider.java:122)
	at org.apache.maven.surefire.booter.ForkedBooter.runSuitesInProcess(ForkedBooter.java:385)
	at org.apache.maven.surefire.booter.ForkedBooter.execute(ForkedBooter.java:162)
	at org.apache.maven.surefire.booter.ForkedBooter.run(ForkedBooter.java:507)
	at org.apache.maven.surefire.booter.ForkedBooter.main(ForkedBooter.java:495)
]]></system-out>
  </testcase>
  <testcase name="userInfoAllArgsConstructorNotNull" classname="com.mycompany.test.StudentControllerTest" time="0.031">
    <system-out><![CDATA[2024-02-06 12:34:21 [main] INFO  o.s.mock.web.MockServletContext - Initializing Spring TestDispatcherServlet ''
2024-02-06 12:34:21 [main] INFO  o.s.t.w.s.TestDispatcherServlet - Initializing Servlet ''
2024-02-06 12:34:21 [main] INFO  o.s.t.w.s.TestDispatcherServlet - Completed initialization in 0 ms
]]></system-out>
  </testcase>
  <testcase name="testDatabaseConnectionHealthyWithZeroResult" classname="com.mycompany.test.StudentControllerTest" time="0.073">
    <system-out><![CDATA[2024-02-06 12:34:21 [main] INFO  o.s.mock.web.MockServletContext - Initializing Spring TestDispatcherServlet ''
2024-02-06 12:34:21 [main] INFO  o.s.t.w.s.TestDispatcherServlet - Initializing Servlet ''
2024-02-06 12:34:21 [main] INFO  o.s.t.w.s.TestDispatcherServlet - Completed initialization in 0 ms
]]></system-out>
  </testcase>
  <testcase name="authenticateAndGetToken_Success" classname="com.mycompany.test.StudentControllerTest" time="0.063">
    <system-out><![CDATA[2024-02-06 12:34:21 [main] INFO  o.s.mock.web.MockServletContext - Initializing Spring TestDispatcherServlet ''
2024-02-06 12:34:21 [main] INFO  o.s.t.w.s.TestDispatcherServlet - Initializing Servlet ''
2024-02-06 12:34:21 [main] INFO  o.s.t.w.s.TestDispatcherServlet - Completed initialization in 0 ms
]]></system-out>
  </testcase>
  <testcase name="testSendEmailEveryTwentyMinutes" classname="com.mycompany.test.StudentControllerTest" time="0.048">
    <system-out><![CDATA[2024-02-06 12:34:21 [main] INFO  o.s.mock.web.MockServletContext - Initializing Spring TestDispatcherServlet ''
2024-02-06 12:34:21 [main] INFO  o.s.t.w.s.TestDispatcherServlet - Initializing Servlet ''
2024-02-06 12:34:21 [main] INFO  o.s.t.w.s.TestDispatcherServlet - Completed initialization in 0 ms
]]></system-out>
  </testcase>
  <testcase name="authenticateAndGetToken_MissingCredentials" classname="com.mycompany.test.StudentControllerTest" time="0.047">
    <system-out><![CDATA[2024-02-06 12:34:22 [main] INFO  o.s.mock.web.MockServletContext - Initializing Spring TestDispatcherServlet ''
2024-02-06 12:34:22 [main] INFO  o.s.t.w.s.TestDispatcherServlet - Initializing Servlet ''
2024-02-06 12:34:22 [main] INFO  o.s.t.w.s.TestDispatcherServlet - Completed initialization in 0 ms
2024-02-06 12:34:22 [main] WARN  o.s.web.servlet.PageNotFound - No mapping for POST /authenticate
2024-02-06 12:34:22 [main] WARN  o.s.web.servlet.PageNotFound - No endpoint POST /authenticate.
]]></system-out>
  </testcase>
  <testcase name="publishMessage" classname="com.mycompany.test.StudentControllerTest" time="0.07">
    <system-out><![CDATA[2024-02-06 12:34:22 [main] INFO  o.s.mock.web.MockServletContext - Initializing Spring TestDispatcherServlet ''
2024-02-06 12:34:22 [main] INFO  o.s.t.w.s.TestDispatcherServlet - Initializing Servlet ''
2024-02-06 12:34:22 [main] INFO  o.s.t.w.s.TestDispatcherServlet - Completed initialization in 0 ms
Sent.
]]></system-out>
  </testcase>
  <testcase name="fromEntity_ConvertsEntityToDTO" classname="com.mycompany.test.StudentControllerTest" time="0.041">
    <system-out><![CDATA[2024-02-06 12:34:22 [main] INFO  o.s.mock.web.MockServletContext - Initializing Spring TestDispatcherServlet ''
2024-02-06 12:34:22 [main] INFO  o.s.t.w.s.TestDispatcherServlet - Initializing Servlet ''
2024-02-06 12:34:22 [main] INFO  o.s.t.w.s.TestDispatcherServlet - Completed initialization in 0 ms
]]></system-out>
  </testcase>
  <testcase name="updateStudent" classname="com.mycompany.test.StudentControllerTest" time="0.056">
    <system-out><![CDATA[2024-02-06 12:34:22 [main] INFO  o.s.mock.web.MockServletContext - Initializing Spring TestDispatcherServlet ''
2024-02-06 12:34:22 [main] INFO  o.s.t.w.s.TestDispatcherServlet - Initializing Servlet ''
2024-02-06 12:34:22 [main] INFO  o.s.t.w.s.TestDispatcherServlet - Completed initialization in 0 ms
]]></system-out>
  </testcase>
  <testcase name="testJmsListenerContainerFactoryWithDifferentConnectionFactory" classname="com.mycompany.test.StudentControllerTest" time="0.051">
    <system-out><![CDATA[2024-02-06 12:34:22 [main] INFO  o.s.mock.web.MockServletContext - Initializing Spring TestDispatcherServlet ''
2024-02-06 12:34:22 [main] INFO  o.s.t.w.s.TestDispatcherServlet - Initializing Servlet ''
2024-02-06 12:34:22 [main] INFO  o.s.t.w.s.TestDispatcherServlet - Completed initialization in 0 ms
]]></system-out>
  </testcase>
  <testcase name="userInfoRolesValidation" classname="com.mycompany.test.StudentControllerTest" time="0.021">
    <system-out><![CDATA[2024-02-06 12:34:22 [main] INFO  o.s.mock.web.MockServletContext - Initializing Spring TestDispatcherServlet ''
2024-02-06 12:34:22 [main] INFO  o.s.t.w.s.TestDispatcherServlet - Initializing Servlet ''
2024-02-06 12:34:22 [main] INFO  o.s.t.w.s.TestDispatcherServlet - Completed initialization in 0 ms
]]></system-out>
  </testcase>
  <testcase name="userInfoNoArgsConstructor" classname="com.mycompany.test.StudentControllerTest" time="0.019">
    <system-out><![CDATA[2024-02-06 12:34:22 [main] INFO  o.s.mock.web.MockServletContext - Initializing Spring TestDispatcherServlet ''
2024-02-06 12:34:22 [main] INFO  o.s.t.w.s.TestDispatcherServlet - Initializing Servlet ''
2024-02-06 12:34:22 [main] INFO  o.s.t.w.s.TestDispatcherServlet - Completed initialization in 0 ms
]]></system-out>
  </testcase>
  <testcase name="userInfoNameValidation" classname="com.mycompany.test.StudentControllerTest" time="0.037">
    <system-out><![CDATA[2024-02-06 12:34:22 [main] INFO  o.s.mock.web.MockServletContext - Initializing Spring TestDispatcherServlet ''
2024-02-06 12:34:22 [main] INFO  o.s.t.w.s.TestDispatcherServlet - Initializing Servlet ''
2024-02-06 12:34:22 [main] INFO  o.s.t.w.s.TestDispatcherServlet - Completed initialization in 0 ms
]]></system-out>
  </testcase>
  <testcase name="getAllStudents" classname="com.mycompany.test.StudentControllerTest" time="0.068">
    <system-out><![CDATA[2024-02-06 12:34:22 [main] INFO  o.s.mock.web.MockServletContext - Initializing Spring TestDispatcherServlet ''
2024-02-06 12:34:22 [main] INFO  o.s.t.w.s.TestDispatcherServlet - Initializing Servlet ''
2024-02-06 12:34:22 [main] INFO  o.s.t.w.s.TestDispatcherServlet - Completed initialization in 0 ms
]]></system-out>
  </testcase>
  <testcase name="authenticateAndGetToken_Failure" classname="com.mycompany.test.StudentControllerTest" time="0.043">
    <system-out><![CDATA[2024-02-06 12:34:22 [main] INFO  o.s.mock.web.MockServletContext - Initializing Spring TestDispatcherServlet ''
2024-02-06 12:34:22 [main] INFO  o.s.t.w.s.TestDispatcherServlet - Initializing Servlet ''
2024-02-06 12:34:22 [main] INFO  o.s.t.w.s.TestDispatcherServlet - Completed initialization in 0 ms
]]></system-out>
  </testcase>
  <testcase name="testSendEmailAfterMethodExecution" classname="com.mycompany.test.StudentControllerTest" time="0.23">
    <system-out><![CDATA[2024-02-06 12:34:22 [main] INFO  o.s.mock.web.MockServletContext - Initializing Spring TestDispatcherServlet ''
2024-02-06 12:34:22 [main] INFO  o.s.t.w.s.TestDispatcherServlet - Initializing Servlet ''
2024-02-06 12:34:22 [main] INFO  o.s.t.w.s.TestDispatcherServlet - Completed initialization in 0 ms
]]></system-out>
  </testcase>
  <testcase name="fromEntity_NullEntity_ThrowsNullPointerException" classname="com.mycompany.test.StudentControllerTest" time="0.064">
    <system-out><![CDATA[2024-02-06 12:34:22 [main] INFO  o.s.mock.web.MockServletContext - Initializing Spring TestDispatcherServlet ''
2024-02-06 12:34:22 [main] INFO  o.s.t.w.s.TestDispatcherServlet - Initializing Servlet ''
2024-02-06 12:34:22 [main] INFO  o.s.t.w.s.TestDispatcherServlet - Completed initialization in 0 ms
]]></system-out>
  </testcase>
  <testcase name="updateNonexistentStudent_Forbidden" classname="com.mycompany.test.StudentControllerTest" time="0.036">
    <system-out><![CDATA[2024-02-06 12:34:22 [main] INFO  o.s.mock.web.MockServletContext - Initializing Spring TestDispatcherServlet ''
2024-02-06 12:34:22 [main] INFO  o.s.t.w.s.TestDispatcherServlet - Initializing Servlet ''
2024-02-06 12:34:22 [main] INFO  o.s.t.w.s.TestDispatcherServlet - Completed initialization in 0 ms
]]></system-out>
  </testcase>
  <testcase name="userInfoNoArgsConstructorNotNull" classname="com.mycompany.test.StudentControllerTest" time="0.03">
    <system-out><![CDATA[2024-02-06 12:34:22 [main] INFO  o.s.mock.web.MockServletContext - Initializing Spring TestDispatcherServlet ''
2024-02-06 12:34:22 [main] INFO  o.s.t.w.s.TestDispatcherServlet - Initializing Servlet ''
2024-02-06 12:34:22 [main] INFO  o.s.t.w.s.TestDispatcherServlet - Completed initialization in 0 ms
]]></system-out>
  </testcase>
  <testcase name="testMessageListener" classname="com.mycompany.test.StudentControllerTest" time="0.049">
    <system-out><![CDATA[2024-02-06 12:34:22 [main] INFO  o.s.mock.web.MockServletContext - Initializing Spring TestDispatcherServlet ''
2024-02-06 12:34:22 [main] INFO  o.s.t.w.s.TestDispatcherServlet - Initializing Servlet ''
2024-02-06 12:34:22 [main] INFO  o.s.t.w.s.TestDispatcherServlet - Completed initialization in 0 ms
2024-02-06 12:34:22 [main] INFO  jakarta.jms.MessageConsumer - Message received! StudentDTO(id=null, dept=null, password=null, firstName=null, lastName=null)
]]></system-out>
  </testcase>
  <testcase name="addNewUser_InvalidInput" classname="com.mycompany.test.StudentControllerTest" time="0.036">
    <system-out><![CDATA[2024-02-06 12:34:22 [main] INFO  o.s.mock.web.MockServletContext - Initializing Spring TestDispatcherServlet ''
2024-02-06 12:34:22 [main] INFO  o.s.t.w.s.TestDispatcherServlet - Initializing Servlet ''
2024-02-06 12:34:22 [main] INFO  o.s.t.w.s.TestDispatcherServlet - Completed initialization in 0 ms
2024-02-06 12:34:22 [main] WARN  o.s.web.servlet.PageNotFound - No mapping for POST /users/add
2024-02-06 12:34:22 [main] WARN  o.s.web.servlet.PageNotFound - No endpoint POST /users/add.
]]></system-out>
  </testcase>
</testsuite>